0 info it worked if it ends with ok
1 verbose cli [ '/home/ubuntu/.nvm/v0.10.35/bin/node',
1 verbose cli   '/home/ubuntu/.nvm/v0.10.35/bin/npm',
1 verbose cli   'install',
1 verbose cli   'mocha-css',
1 verbose cli   '--save-dev' ]
2 info using npm@1.4.28
3 info using node@v0.10.35
4 verbose readDependencies using package.json deps
5 verbose cache add [ 'mocha-css', null ]
6 verbose cache add name=undefined spec="mocha-css" args=["mocha-css",null]
7 verbose parsed url { protocol: null,
7 verbose parsed url   slashes: null,
7 verbose parsed url   auth: null,
7 verbose parsed url   host: null,
7 verbose parsed url   port: null,
7 verbose parsed url   hostname: null,
7 verbose parsed url   hash: null,
7 verbose parsed url   search: null,
7 verbose parsed url   query: null,
7 verbose parsed url   pathname: 'mocha-css',
7 verbose parsed url   path: 'mocha-css',
7 verbose parsed url   href: 'mocha-css' }
8 silly lockFile 149979fe-mocha-css mocha-css
9 verbose lock mocha-css /home/ubuntu/.npm/149979fe-mocha-css.lock
10 silly lockFile 149979fe-mocha-css mocha-css
11 silly lockFile 149979fe-mocha-css mocha-css
12 verbose addNamed [ 'mocha-css', '' ]
13 verbose addNamed [ null, '*' ]
14 silly lockFile e3471ea0-mocha-css mocha-css@
15 verbose lock mocha-css@ /home/ubuntu/.npm/e3471ea0-mocha-css.lock
16 silly addNameRange { name: 'mocha-css', range: '*', hasData: false }
17 verbose request where is /mocha-css
18 verbose request registry https://registry.npmjs.org/
19 verbose request id e59f37eacc806e2a
20 verbose url raw /mocha-css
21 verbose url resolving [ 'https://registry.npmjs.org/', './mocha-css' ]
22 verbose url resolved https://registry.npmjs.org/mocha-css
23 verbose request where is https://registry.npmjs.org/mocha-css
24 info trying registry request attempt 1 at 21:36:46
25 http GET https://registry.npmjs.org/mocha-css
26 http 404 https://registry.npmjs.org/mocha-css
27 verbose headers { date: 'Thu, 26 Feb 2015 21:36:47 GMT',
27 verbose headers   server: 'CouchDB/1.5.0 (Erlang OTP/R16B03)',
27 verbose headers   'content-type': 'application/json',
27 verbose headers   'cache-control': 'max-age=0',
27 verbose headers   'content-length': '52',
27 verbose headers   'accept-ranges': 'bytes',
27 verbose headers   via: '1.1 varnish',
27 verbose headers   age: '0',
27 verbose headers   'x-served-by': 'cache-lhr6329-LHR',
27 verbose headers   'x-cache': 'MISS',
27 verbose headers   'x-cache-hits': '0',
27 verbose headers   'x-timer': 'S1424986606.949892,VS0,VE668',
27 verbose headers   'keep-alive': 'timeout=10, max=50',
27 verbose headers   connection: 'Keep-Alive' }
28 silly registry.get cb [ 404,
28 silly registry.get   { date: 'Thu, 26 Feb 2015 21:36:47 GMT',
28 silly registry.get     server: 'CouchDB/1.5.0 (Erlang OTP/R16B03)',
28 silly registry.get     'content-type': 'application/json',
28 silly registry.get     'cache-control': 'max-age=0',
28 silly registry.get     'content-length': '52',
28 silly registry.get     'accept-ranges': 'bytes',
28 silly registry.get     via: '1.1 varnish',
28 silly registry.get     age: '0',
28 silly registry.get     'x-served-by': 'cache-lhr6329-LHR',
28 silly registry.get     'x-cache': 'MISS',
28 silly registry.get     'x-cache-hits': '0',
28 silly registry.get     'x-timer': 'S1424986606.949892,VS0,VE668',
28 silly registry.get     'keep-alive': 'timeout=10, max=50',
28 silly registry.get     connection: 'Keep-Alive' } ]
29 silly lockFile e3471ea0-mocha-css mocha-css@
30 silly lockFile e3471ea0-mocha-css mocha-css@
31 error 404 404 Not Found: mocha-css
31 error 404
31 error 404 'mocha-css' is not in the npm registry.
31 error 404 You should bug the author to publish it
31 error 404 It was specified as a dependency of 'Pr1_PL_1415'
31 error 404
31 error 404 Note that you can also install from a
31 error 404 tarball, folder, or http url, or git url.
32 error System Linux 3.14.13-c9
33 error command "/home/ubuntu/.nvm/v0.10.35/bin/node" "/home/ubuntu/.nvm/v0.10.35/bin/npm" "install" "mocha-css" "--save-dev"
34 error cwd /home/ubuntu/workspace/Pr1_PL_1415
35 error node -v v0.10.35
36 error npm -v 1.4.28
37 error code E404
38 verbose exit [ 1, true ]
